<?xml version="1.0" encoding="UTF-8" ?>
<testsuite failures="0" time="0.015" errors="0" skipped="0" tests="1" name="com.storepoints.AppTest">
  <properties>
    <property name="java.runtime.name" value="Java(TM) SE Runtime Environment"/>
    <property name="sun.boot.library.path" value="/System/Library/Java/JavaVirtualMachines/1.6.0.jdk/Contents/Libraries"/>
    <property name="java.vm.version" value="20.6-b01-415"/>
    <property name="awt.nativeDoubleBuffering" value="true"/>
    <property name="gopherProxySet" value="false"/>
    <property name="mrj.build" value="10M3635"/>
    <property name="java.vm.vendor" value="Apple Inc."/>
    <property name="java.vendor.url" value="http://www.apple.com/"/>
    <property name="path.separator" value=":"/>
    <property name="java.vm.name" value="Java HotSpot(TM) 64-Bit Server VM"/>
    <property name="file.encoding.pkg" value="sun.io"/>
    <property name="user.country" value="US"/>
    <property name="sun.java.launcher" value="SUN_STANDARD"/>
    <property name="sun.os.patch.level" value="unknown"/>
    <property name="java.vm.specification.name" value="Java Virtual Machine Specification"/>
    <property name="user.dir" value="/Users/manivannan2000/git/MyProjects/storepoints-portlet"/>
    <property name="java.runtime.version" value="1.6.0_31-b04-415-10M3635"/>
    <property name="java.awt.graphicsenv" value="apple.awt.CGraphicsEnvironment"/>
    <property name="basedir" value="/Users/manivannan2000/git/MyProjects/storepoints-portlet"/>
    <property name="java.endorsed.dirs" value="/System/Library/Java/JavaVirtualMachines/1.6.0.jdk/Contents/Home/lib/endorsed"/>
    <property name="os.arch" value="x86_64"/>
    <property name="surefire.real.class.path" value="/var/folders/zP/zPIeoxjnGQWvSkLx1UpmWk+++TI/-Tmp-/surefirebooter6292728577223903723.jar"/>
    <property name="java.io.tmpdir" value="/var/folders/zP/zPIeoxjnGQWvSkLx1UpmWk+++TI/-Tmp-/"/>
    <property name="line.separator" value="
"/>
    <property name="java.vm.specification.vendor" value="Sun Microsystems Inc."/>
    <property name="os.name" value="Mac OS X"/>
    <property name="sun.jnu.encoding" value="MacRoman"/>
    <property name="java.library.path" value=".:/Library/Java/Extensions:/System/Library/Java/Extensions:/usr/lib/java"/>
    <property name="surefire.test.class.path" value="/Users/manivannan2000/git/MyProjects/storepoints-portlet/target/test-classes:/Users/manivannan2000/git/MyProjects/storepoints-portlet/target/classes:/Users/manivannan2000/Soft/MavenLocalRepo/junit/junit/3.8.1/junit-3.8.1.jar:/Users/manivannan2000/Soft/MavenLocalRepo/org/junit/com.springsource.org.junit/4.7.0/com.springsource.org.junit-4.7.0.jar:/Users/manivannan2000/Soft/MavenLocalRepo/org/apache/log4j/com.springsource.org.apache.log4j/1.2.15/com.springsource.org.apache.log4j-1.2.15.jar:/Users/manivannan2000/Soft/MavenLocalRepo/org/apache/commons/com.springsource.org.apache.commons.logging/1.1.1/com.springsource.org.apache.commons.logging-1.1.1.jar:/Users/manivannan2000/Soft/MavenLocalRepo/org/aspectj/com.springsource.org.aspectj.runtime/1.6.6.RELEASE/com.springsource.org.aspectj.runtime-1.6.6.RELEASE.jar:/Users/manivannan2000/Soft/MavenLocalRepo/javax/servlet/com.springsource.javax.servlet/2.5.0/com.springsource.javax.servlet-2.5.0.jar:/Users/manivannan2000/Soft/MavenLocalRepo/org/springframework/roo/org.springframework.roo.annotations/1.0.2.RELEASE/org.springframework.roo.annotations-1.0.2.RELEASE.jar:/Users/manivannan2000/Soft/MavenLocalRepo/org/springframework/org.springframework.core/3.0.4.RELEASE/org.springframework.core-3.0.4.RELEASE.jar:/Users/manivannan2000/Soft/MavenLocalRepo/org/springframework/org.springframework.test/3.0.4.RELEASE/org.springframework.test-3.0.4.RELEASE.jar:/Users/manivannan2000/Soft/MavenLocalRepo/org/springframework/org.springframework.context/3.0.4.RELEASE/org.springframework.context-3.0.4.RELEASE.jar:/Users/manivannan2000/Soft/MavenLocalRepo/org/springframework/org.springframework.asm/3.0.4.RELEASE/org.springframework.asm-3.0.4.RELEASE.jar:/Users/manivannan2000/Soft/MavenLocalRepo/org/springframework/org.springframework.beans/3.0.4.RELEASE/org.springframework.beans-3.0.4.RELEASE.jar:/Users/manivannan2000/Soft/MavenLocalRepo/org/springframework/org.springframework.expression/3.0.4.RELEASE/org.springframework.expression-3.0.4.RELEASE.jar:/Users/manivannan2000/Soft/MavenLocalRepo/org/springframework/org.springframework.aop/3.0.4.RELEASE/org.springframework.aop-3.0.4.RELEASE.jar:/Users/manivannan2000/Soft/MavenLocalRepo/org/aopalliance/com.springsource.org.aopalliance/1.0.0/com.springsource.org.aopalliance-1.0.0.jar:/Users/manivannan2000/Soft/MavenLocalRepo/org/springframework/org.springframework.aspects/3.0.4.RELEASE/org.springframework.aspects-3.0.4.RELEASE.jar:/Users/manivannan2000/Soft/MavenLocalRepo/org/springframework/org.springframework.transaction/3.0.4.RELEASE/org.springframework.transaction-3.0.4.RELEASE.jar:/Users/manivannan2000/Soft/MavenLocalRepo/org/hibernate/com.springsource.org.hibernate.annotations/3.3.1.ga/com.springsource.org.hibernate.annotations-3.3.1.ga.jar:/Users/manivannan2000/Soft/MavenLocalRepo/org/dom4j/com.springsource.org.dom4j/1.6.1/com.springsource.org.dom4j-1.6.1.jar:/Users/manivannan2000/Soft/MavenLocalRepo/org/hibernate/com.springsource.org.hibernate.annotations.common/3.3.0.ga/com.springsource.org.hibernate.annotations.common-3.3.0.ga.jar:/Users/manivannan2000/Soft/MavenLocalRepo/org/hibernate/com.springsource.org.hibernate/3.2.6.ga/com.springsource.org.hibernate-3.2.6.ga.jar:/Users/manivannan2000/Soft/MavenLocalRepo/org/antlr/com.springsource.antlr/2.7.6/com.springsource.antlr-2.7.6.jar:/Users/manivannan2000/Soft/MavenLocalRepo/net/sourceforge/cglib/com.springsource.net.sf.cglib/2.1.3/com.springsource.net.sf.cglib-2.1.3.jar:/Users/manivannan2000/Soft/MavenLocalRepo/org/objectweb/asm/com.springsource.org.objectweb.asm/1.5.3/com.springsource.org.objectweb.asm-1.5.3.jar:/Users/manivannan2000/Soft/MavenLocalRepo/org/objectweb/asm/com.springsource.org.objectweb.asm.attrs/1.5.3/com.springsource.org.objectweb.asm.attrs-1.5.3.jar:/Users/manivannan2000/Soft/MavenLocalRepo/org/hibernate/com.springsource.org.hibernate.ejb/3.3.2.GA/com.springsource.org.hibernate.ejb-3.3.2.GA.jar:/Users/manivannan2000/Soft/MavenLocalRepo/org/jboss/javassist/com.springsource.javassist/3.3.0.ga/com.springsource.javassist-3.3.0.ga.jar:/Users/manivannan2000/Soft/MavenLocalRepo/org/jboss/util/com.springsource.org.jboss.util/2.0.4.GA/com.springsource.org.jboss.util-2.0.4.GA.jar:/Users/manivannan2000/Soft/MavenLocalRepo/edu/oswego/cs/concurrent/com.springsource.edu.oswego.cs.dl.util.concurrent/1.3.4/com.springsource.edu.oswego.cs.dl.util.concurrent-1.3.4.jar:/Users/manivannan2000/Soft/MavenLocalRepo/net/sourceforge/ehcache/com.springsource.net.sf.ehcache/1.4.1/com.springsource.net.sf.ehcache-1.4.1.jar:/Users/manivannan2000/Soft/MavenLocalRepo/net/sourceforge/jsr107cache/com.springsource.net.sf.jsr107cache/1.0.0/com.springsource.net.sf.jsr107cache-1.0.0.jar:/Users/manivannan2000/Soft/MavenLocalRepo/org/apache/commons/com.springsource.org.apache.commons.collections/3.2.0/com.springsource.org.apache.commons.collections-3.2.0.jar:/Users/manivannan2000/Soft/MavenLocalRepo/edu/emory/mathcs/backport/com.springsource.edu.emory.mathcs.backport/3.1.0/com.springsource.edu.emory.mathcs.backport-3.1.0.jar:/Users/manivannan2000/Soft/MavenLocalRepo/org/slf4j/com.springsource.slf4j.log4j/1.5.6/com.springsource.slf4j.log4j-1.5.6.jar:/Users/manivannan2000/Soft/MavenLocalRepo/javax/persistence/com.springsource.javax.persistence/1.0.0/com.springsource.javax.persistence-1.0.0.jar:/Users/manivannan2000/Soft/MavenLocalRepo/org/slf4j/com.springsource.slf4j.api/1.5.6/com.springsource.slf4j.api-1.5.6.jar:/Users/manivannan2000/Soft/MavenLocalRepo/org/hibernate/com.springsource.org.hibernate.validator/4.0.0.GA/com.springsource.org.hibernate.validator-4.0.0.GA.jar:/Users/manivannan2000/Soft/MavenLocalRepo/javax/validation/com.springsource.javax.validation/1.0.0.GA/com.springsource.javax.validation-1.0.0.GA.jar:/Users/manivannan2000/Soft/MavenLocalRepo/javax/transaction/com.springsource.javax.transaction/1.1.0/com.springsource.javax.transaction-1.1.0.jar:/Users/manivannan2000/Soft/MavenLocalRepo/org/apache/commons/com.springsource.org.apache.commons.dbcp/1.2.2.osgi/com.springsource.org.apache.commons.dbcp-1.2.2.osgi.jar:/Users/manivannan2000/Soft/MavenLocalRepo/org/apache/commons/com.springsource.org.apache.commons.pool/1.3.0/com.springsource.org.apache.commons.pool-1.3.0.jar:/Users/manivannan2000/Soft/MavenLocalRepo/org/springframework/org.springframework.jdbc/3.0.4.RELEASE/org.springframework.jdbc-3.0.4.RELEASE.jar:/Users/manivannan2000/Soft/MavenLocalRepo/org/springframework/org.springframework.orm/3.0.4.RELEASE/org.springframework.orm-3.0.4.RELEASE.jar:/Users/manivannan2000/Soft/MavenLocalRepo/org/springframework/org.springframework.web/3.0.4.RELEASE/org.springframework.web-3.0.4.RELEASE.jar:/Users/manivannan2000/Soft/MavenLocalRepo/org/springframework/org.springframework.web.servlet/3.0.4.RELEASE/org.springframework.web.servlet-3.0.4.RELEASE.jar:/Users/manivannan2000/Soft/MavenLocalRepo/org/springframework/org.springframework.context.support/3.0.4.RELEASE/org.springframework.context.support-3.0.4.RELEASE.jar:/Users/manivannan2000/Soft/MavenLocalRepo/org/springframework/spring-webmvc-portlet/3.0.4.RELEASE/spring-webmvc-portlet-3.0.4.RELEASE.jar:/Users/manivannan2000/Soft/MavenLocalRepo/org/springframework/spring-asm/3.0.4.RELEASE/spring-asm-3.0.4.RELEASE.jar:/Users/manivannan2000/Soft/MavenLocalRepo/org/springframework/spring-beans/3.0.4.RELEASE/spring-beans-3.0.4.RELEASE.jar:/Users/manivannan2000/Soft/MavenLocalRepo/org/springframework/spring-context/3.0.4.RELEASE/spring-context-3.0.4.RELEASE.jar:/Users/manivannan2000/Soft/MavenLocalRepo/org/springframework/spring-aop/3.0.4.RELEASE/spring-aop-3.0.4.RELEASE.jar:/Users/manivannan2000/Soft/MavenLocalRepo/org/springframework/spring-expression/3.0.4.RELEASE/spring-expression-3.0.4.RELEASE.jar:/Users/manivannan2000/Soft/MavenLocalRepo/org/springframework/spring-core/3.0.4.RELEASE/spring-core-3.0.4.RELEASE.jar:/Users/manivannan2000/Soft/MavenLocalRepo/org/springframework/spring-web/3.0.4.RELEASE/spring-web-3.0.4.RELEASE.jar:/Users/manivannan2000/Soft/MavenLocalRepo/aopalliance/aopalliance/1.0/aopalliance-1.0.jar:/Users/manivannan2000/Soft/MavenLocalRepo/org/springframework/spring-webmvc/3.0.4.RELEASE/spring-webmvc-3.0.4.RELEASE.jar:/Users/manivannan2000/Soft/MavenLocalRepo/org/springframework/spring-context-support/3.0.4.RELEASE/spring-context-support-3.0.4.RELEASE.jar:/Users/manivannan2000/Soft/MavenLocalRepo/org/springframework/security/org.springframework.security.web/3.0.0.RELEASE/org.springframework.security.web-3.0.0.RELEASE.jar:/Users/manivannan2000/Soft/MavenLocalRepo/org/springframework/security/org.springframework.security.core/3.0.0.RELEASE/org.springframework.security.core-3.0.0.RELEASE.jar:/Users/manivannan2000/Soft/MavenLocalRepo/org/springframework/security/org.springframework.security.config/3.0.0.RELEASE/org.springframework.security.config-3.0.0.RELEASE.jar:/Users/manivannan2000/Soft/MavenLocalRepo/org/springframework/security/org.springframework.security.taglibs/3.0.0.RELEASE/org.springframework.security.taglibs-3.0.0.RELEASE.jar:/Users/manivannan2000/Soft/MavenLocalRepo/org/springframework/webflow/org.springframework.js/2.0.8.RELEASE/org.springframework.js-2.0.8.RELEASE.jar:/Users/manivannan2000/Soft/MavenLocalRepo/org/apache/commons/com.springsource.org.apache.commons.fileupload/1.2.0/com.springsource.org.apache.commons.fileupload-1.2.0.jar:/Users/manivannan2000/Soft/MavenLocalRepo/org/apache/commons/com.springsource.org.apache.commons.io/1.4.0/com.springsource.org.apache.commons.io-1.4.0.jar:/Users/manivannan2000/Soft/MavenLocalRepo/org/tuckey/com.springsource.org.tuckey.web.filters.urlrewrite/3.1.0/com.springsource.org.tuckey.web.filters.urlrewrite-3.1.0.jar:/Users/manivannan2000/Soft/MavenLocalRepo/javax/servlet/com.springsource.javax.servlet.jsp.jstl/1.2.0/com.springsource.javax.servlet.jsp.jstl-1.2.0.jar:/Users/manivannan2000/Soft/MavenLocalRepo/org/apache/taglibs/com.springsource.org.apache.taglibs.standard/1.1.2/com.springsource.org.apache.taglibs.standard-1.1.2.jar:/Users/manivannan2000/Soft/MavenLocalRepo/org/apache/el/com.springsource.org.apache.el/6.0.20/com.springsource.org.apache.el-6.0.20.jar:/Users/manivannan2000/Soft/MavenLocalRepo/org/joda/com.springsource.org.joda.time/1.6.0/com.springsource.org.joda.time-1.6.0.jar:/Users/manivannan2000/Soft/MavenLocalRepo/org/apache/tiles/com.springsource.org.apache.tiles/2.1.3/com.springsource.org.apache.tiles-2.1.3.jar:/Users/manivannan2000/Soft/MavenLocalRepo/org/apache/tiles/com.springsource.org.apache.tiles.jsp/2.1.3/com.springsource.org.apache.tiles.jsp-2.1.3.jar:/Users/manivannan2000/Soft/MavenLocalRepo/org/apache/tiles/com.springsource.org.apache.tiles.servlet/2.1.3/com.springsource.org.apache.tiles.servlet-2.1.3.jar:/Users/manivannan2000/Soft/MavenLocalRepo/org/apache/tiles/com.springsource.org.apache.tiles.core/2.1.3/com.springsource.org.apache.tiles.core-2.1.3.jar:/Users/manivannan2000/Soft/MavenLocalRepo/org/apache/commons/com.springsource.org.apache.commons.digester/1.8.1/com.springsource.org.apache.commons.digester-1.8.1.jar:/Users/manivannan2000/Soft/MavenLocalRepo/org/apache/commons/com.springsource.org.apache.commons.beanutils/1.8.0/com.springsource.org.apache.commons.beanutils-1.8.0.jar:/Users/manivannan2000/Soft/MavenLocalRepo/javax/portlet/portlet-api/2.0/portlet-api-2.0.jar:/Users/manivannan2000/Soft/MavenLocalRepo/org/springframework/org.springframework.oxm/3.0.4.RELEASE/org.springframework.oxm-3.0.4.RELEASE.jar:/Users/manivannan2000/Soft/MavenLocalRepo/com/thoughtworks/xstream/xstream/1.3.1/xstream-1.3.1.jar:/Users/manivannan2000/Soft/MavenLocalRepo/xpp3/xpp3_min/1.1.4c/xpp3_min-1.1.4c.jar:/Users/manivannan2000/Soft/MavenLocalRepo/org/codehaus/jackson/jackson-mapper-asl/1.5.3/jackson-mapper-asl-1.5.3.jar:/Users/manivannan2000/Soft/MavenLocalRepo/org/codehaus/jackson/jackson-core-asl/1.5.3/jackson-core-asl-1.5.3.jar:/Users/manivannan2000/Soft/MavenLocalRepo/org/apache/commons/com.springsource.org.apache.commons.httpclient/3.1.0/com.springsource.org.apache.commons.httpclient-3.1.0.jar:/Users/manivannan2000/Soft/MavenLocalRepo/org/apache/commons/com.springsource.org.apache.commons.codec/1.3.0/com.springsource.org.apache.commons.codec-1.3.0.jar:/Users/manivannan2000/Soft/MavenLocalRepo/com/liferay/portal-service/6.0.0/portal-service-6.0.0.jar:/Users/manivannan2000/Soft/MavenLocalRepo/com/lowagie/itext/2.0.7/itext-2.0.7.jar:/Users/manivannan2000/Soft/MavenLocalRepo/bouncycastle/bcmail-jdk14/138/bcmail-jdk14-138.jar:/Users/manivannan2000/Soft/MavenLocalRepo/bouncycastle/bcprov-jdk14/138/bcprov-jdk14-138.jar:/Users/manivannan2000/Soft/MavenLocalRepo/org/apache/poi/poi-scratchpad/3.2-FINAL/poi-scratchpad-3.2-FINAL.jar:/Users/manivannan2000/Soft/MavenLocalRepo/org/apache/poi/poi/3.2-FINAL/poi-3.2-FINAL.jar:/Users/manivannan2000/Soft/MavenLocalRepo/commons-logging/commons-logging/1.1/commons-logging-1.1.jar:/Users/manivannan2000/Soft/MavenLocalRepo/log4j/log4j/1.2.13/log4j-1.2.13.jar:/Users/manivannan2000/Soft/MavenLocalRepo/alfresco/alfresco-web-service-client/3.3/alfresco-web-service-client-3.3.jar:/Users/manivannan2000/Soft/MavenLocalRepo/org/apache/axis/axis/1.4/axis-1.4.jar:/Users/manivannan2000/Soft/MavenLocalRepo/com/sun/xml/rpc/jaxrpc-impl/1.1.3_01/jaxrpc-impl-1.1.3_01.jar:/Users/manivannan2000/Soft/MavenLocalRepo/javax/xml/jaxrpc-api/1.1/jaxrpc-api-1.1.jar:/Users/manivannan2000/Soft/MavenLocalRepo/com/sun/xml/messaging/saaj/saaj-impl/1.3/saaj-impl-1.3.jar:/Users/manivannan2000/Soft/MavenLocalRepo/javax/xml/soap/saaj-api/1.3/saaj-api-1.3.jar:/Users/manivannan2000/Soft/MavenLocalRepo/javax/activation/activation/1.0.2/activation-1.0.2.jar:/Users/manivannan2000/Soft/MavenLocalRepo/com/sun/xml/rpc/jaxrpc-spi/1.1.3_01/jaxrpc-spi-1.1.3_01.jar:/Users/manivannan2000/Soft/MavenLocalRepo/com/sun/xml/fastinfoset/FastInfoset/1.0.2/FastInfoset-1.0.2.jar:/Users/manivannan2000/Soft/MavenLocalRepo/xfire/wsdl4j/1.5.2/wsdl4j-1.5.2.jar:/Users/manivannan2000/Soft/MavenLocalRepo/commons-discovery/commons-discovery/0.2/commons-discovery-0.2.jar:/Users/manivannan2000/Soft/MavenLocalRepo/org/apache/ws/security/wss4j/1.5.6/wss4j-1.5.6.jar:/Users/manivannan2000/Soft/MavenLocalRepo/org/apache/santuario/xmlsec/1.4.2/xmlsec-1.4.2.jar:/Users/manivannan2000/Soft/MavenLocalRepo/xalan/xalan/2.7.1/xalan-2.7.1.jar:/Users/manivannan2000/Soft/MavenLocalRepo/xalan/serializer/2.7.1/serializer-2.7.1.jar:/Users/manivannan2000/Soft/MavenLocalRepo/xml-apis/xml-apis/1.3.04/xml-apis-1.3.04.jar:/Users/manivannan2000/Soft/MavenLocalRepo/oracle/ojdbc14/10.2.0.2/ojdbc14-10.2.0.2.jar:"/>
    <property name="java.specification.name" value="Java Platform API Specification"/>
    <property name="java.class.version" value="50.0"/>
    <property name="sun.management.compiler" value="HotSpot 64-Bit Tiered Compilers"/>
    <property name="os.version" value="10.6.8"/>
    <property name="http.nonProxyHosts" value="local|*.local|169.254/16|*.169.254/16"/>
    <property name="user.home" value="/Users/manivannan2000"/>
    <property name="user.timezone" value=""/>
    <property name="java.awt.printerjob" value="apple.awt.CPrinterJob"/>
    <property name="java.specification.version" value="1.6"/>
    <property name="file.encoding" value="MacRoman"/>
    <property name="user.name" value="manivannan2000"/>
    <property name="java.class.path" value="/Users/manivannan2000/git/MyProjects/storepoints-portlet/target/test-classes:/Users/manivannan2000/git/MyProjects/storepoints-portlet/target/classes:/Users/manivannan2000/Soft/MavenLocalRepo/junit/junit/3.8.1/junit-3.8.1.jar:/Users/manivannan2000/Soft/MavenLocalRepo/org/junit/com.springsource.org.junit/4.7.0/com.springsource.org.junit-4.7.0.jar:/Users/manivannan2000/Soft/MavenLocalRepo/org/apache/log4j/com.springsource.org.apache.log4j/1.2.15/com.springsource.org.apache.log4j-1.2.15.jar:/Users/manivannan2000/Soft/MavenLocalRepo/org/apache/commons/com.springsource.org.apache.commons.logging/1.1.1/com.springsource.org.apache.commons.logging-1.1.1.jar:/Users/manivannan2000/Soft/MavenLocalRepo/org/aspectj/com.springsource.org.aspectj.runtime/1.6.6.RELEASE/com.springsource.org.aspectj.runtime-1.6.6.RELEASE.jar:/Users/manivannan2000/Soft/MavenLocalRepo/javax/servlet/com.springsource.javax.servlet/2.5.0/com.springsource.javax.servlet-2.5.0.jar:/Users/manivannan2000/Soft/MavenLocalRepo/org/springframework/roo/org.springframework.roo.annotations/1.0.2.RELEASE/org.springframework.roo.annotations-1.0.2.RELEASE.jar:/Users/manivannan2000/Soft/MavenLocalRepo/org/springframework/org.springframework.core/3.0.4.RELEASE/org.springframework.core-3.0.4.RELEASE.jar:/Users/manivannan2000/Soft/MavenLocalRepo/org/springframework/org.springframework.test/3.0.4.RELEASE/org.springframework.test-3.0.4.RELEASE.jar:/Users/manivannan2000/Soft/MavenLocalRepo/org/springframework/org.springframework.context/3.0.4.RELEASE/org.springframework.context-3.0.4.RELEASE.jar:/Users/manivannan2000/Soft/MavenLocalRepo/org/springframework/org.springframework.asm/3.0.4.RELEASE/org.springframework.asm-3.0.4.RELEASE.jar:/Users/manivannan2000/Soft/MavenLocalRepo/org/springframework/org.springframework.beans/3.0.4.RELEASE/org.springframework.beans-3.0.4.RELEASE.jar:/Users/manivannan2000/Soft/MavenLocalRepo/org/springframework/org.springframework.expression/3.0.4.RELEASE/org.springframework.expression-3.0.4.RELEASE.jar:/Users/manivannan2000/Soft/MavenLocalRepo/org/springframework/org.springframework.aop/3.0.4.RELEASE/org.springframework.aop-3.0.4.RELEASE.jar:/Users/manivannan2000/Soft/MavenLocalRepo/org/aopalliance/com.springsource.org.aopalliance/1.0.0/com.springsource.org.aopalliance-1.0.0.jar:/Users/manivannan2000/Soft/MavenLocalRepo/org/springframework/org.springframework.aspects/3.0.4.RELEASE/org.springframework.aspects-3.0.4.RELEASE.jar:/Users/manivannan2000/Soft/MavenLocalRepo/org/springframework/org.springframework.transaction/3.0.4.RELEASE/org.springframework.transaction-3.0.4.RELEASE.jar:/Users/manivannan2000/Soft/MavenLocalRepo/org/hibernate/com.springsource.org.hibernate.annotations/3.3.1.ga/com.springsource.org.hibernate.annotations-3.3.1.ga.jar:/Users/manivannan2000/Soft/MavenLocalRepo/org/dom4j/com.springsource.org.dom4j/1.6.1/com.springsource.org.dom4j-1.6.1.jar:/Users/manivannan2000/Soft/MavenLocalRepo/org/hibernate/com.springsource.org.hibernate.annotations.common/3.3.0.ga/com.springsource.org.hibernate.annotations.common-3.3.0.ga.jar:/Users/manivannan2000/Soft/MavenLocalRepo/org/hibernate/com.springsource.org.hibernate/3.2.6.ga/com.springsource.org.hibernate-3.2.6.ga.jar:/Users/manivannan2000/Soft/MavenLocalRepo/org/antlr/com.springsource.antlr/2.7.6/com.springsource.antlr-2.7.6.jar:/Users/manivannan2000/Soft/MavenLocalRepo/net/sourceforge/cglib/com.springsource.net.sf.cglib/2.1.3/com.springsource.net.sf.cglib-2.1.3.jar:/Users/manivannan2000/Soft/MavenLocalRepo/org/objectweb/asm/com.springsource.org.objectweb.asm/1.5.3/com.springsource.org.objectweb.asm-1.5.3.jar:/Users/manivannan2000/Soft/MavenLocalRepo/org/objectweb/asm/com.springsource.org.objectweb.asm.attrs/1.5.3/com.springsource.org.objectweb.asm.attrs-1.5.3.jar:/Users/manivannan2000/Soft/MavenLocalRepo/org/hibernate/com.springsource.org.hibernate.ejb/3.3.2.GA/com.springsource.org.hibernate.ejb-3.3.2.GA.jar:/Users/manivannan2000/Soft/MavenLocalRepo/org/jboss/javassist/com.springsource.javassist/3.3.0.ga/com.springsource.javassist-3.3.0.ga.jar:/Users/manivannan2000/Soft/MavenLocalRepo/org/jboss/util/com.springsource.org.jboss.util/2.0.4.GA/com.springsource.org.jboss.util-2.0.4.GA.jar:/Users/manivannan2000/Soft/MavenLocalRepo/edu/oswego/cs/concurrent/com.springsource.edu.oswego.cs.dl.util.concurrent/1.3.4/com.springsource.edu.oswego.cs.dl.util.concurrent-1.3.4.jar:/Users/manivannan2000/Soft/MavenLocalRepo/net/sourceforge/ehcache/com.springsource.net.sf.ehcache/1.4.1/com.springsource.net.sf.ehcache-1.4.1.jar:/Users/manivannan2000/Soft/MavenLocalRepo/net/sourceforge/jsr107cache/com.springsource.net.sf.jsr107cache/1.0.0/com.springsource.net.sf.jsr107cache-1.0.0.jar:/Users/manivannan2000/Soft/MavenLocalRepo/org/apache/commons/com.springsource.org.apache.commons.collections/3.2.0/com.springsource.org.apache.commons.collections-3.2.0.jar:/Users/manivannan2000/Soft/MavenLocalRepo/edu/emory/mathcs/backport/com.springsource.edu.emory.mathcs.backport/3.1.0/com.springsource.edu.emory.mathcs.backport-3.1.0.jar:/Users/manivannan2000/Soft/MavenLocalRepo/org/slf4j/com.springsource.slf4j.log4j/1.5.6/com.springsource.slf4j.log4j-1.5.6.jar:/Users/manivannan2000/Soft/MavenLocalRepo/javax/persistence/com.springsource.javax.persistence/1.0.0/com.springsource.javax.persistence-1.0.0.jar:/Users/manivannan2000/Soft/MavenLocalRepo/org/slf4j/com.springsource.slf4j.api/1.5.6/com.springsource.slf4j.api-1.5.6.jar:/Users/manivannan2000/Soft/MavenLocalRepo/org/hibernate/com.springsource.org.hibernate.validator/4.0.0.GA/com.springsource.org.hibernate.validator-4.0.0.GA.jar:/Users/manivannan2000/Soft/MavenLocalRepo/javax/validation/com.springsource.javax.validation/1.0.0.GA/com.springsource.javax.validation-1.0.0.GA.jar:/Users/manivannan2000/Soft/MavenLocalRepo/javax/transaction/com.springsource.javax.transaction/1.1.0/com.springsource.javax.transaction-1.1.0.jar:/Users/manivannan2000/Soft/MavenLocalRepo/org/apache/commons/com.springsource.org.apache.commons.dbcp/1.2.2.osgi/com.springsource.org.apache.commons.dbcp-1.2.2.osgi.jar:/Users/manivannan2000/Soft/MavenLocalRepo/org/apache/commons/com.springsource.org.apache.commons.pool/1.3.0/com.springsource.org.apache.commons.pool-1.3.0.jar:/Users/manivannan2000/Soft/MavenLocalRepo/org/springframework/org.springframework.jdbc/3.0.4.RELEASE/org.springframework.jdbc-3.0.4.RELEASE.jar:/Users/manivannan2000/Soft/MavenLocalRepo/org/springframework/org.springframework.orm/3.0.4.RELEASE/org.springframework.orm-3.0.4.RELEASE.jar:/Users/manivannan2000/Soft/MavenLocalRepo/org/springframework/org.springframework.web/3.0.4.RELEASE/org.springframework.web-3.0.4.RELEASE.jar:/Users/manivannan2000/Soft/MavenLocalRepo/org/springframework/org.springframework.web.servlet/3.0.4.RELEASE/org.springframework.web.servlet-3.0.4.RELEASE.jar:/Users/manivannan2000/Soft/MavenLocalRepo/org/springframework/org.springframework.context.support/3.0.4.RELEASE/org.springframework.context.support-3.0.4.RELEASE.jar:/Users/manivannan2000/Soft/MavenLocalRepo/org/springframework/spring-webmvc-portlet/3.0.4.RELEASE/spring-webmvc-portlet-3.0.4.RELEASE.jar:/Users/manivannan2000/Soft/MavenLocalRepo/org/springframework/spring-asm/3.0.4.RELEASE/spring-asm-3.0.4.RELEASE.jar:/Users/manivannan2000/Soft/MavenLocalRepo/org/springframework/spring-beans/3.0.4.RELEASE/spring-beans-3.0.4.RELEASE.jar:/Users/manivannan2000/Soft/MavenLocalRepo/org/springframework/spring-context/3.0.4.RELEASE/spring-context-3.0.4.RELEASE.jar:/Users/manivannan2000/Soft/MavenLocalRepo/org/springframework/spring-aop/3.0.4.RELEASE/spring-aop-3.0.4.RELEASE.jar:/Users/manivannan2000/Soft/MavenLocalRepo/org/springframework/spring-expression/3.0.4.RELEASE/spring-expression-3.0.4.RELEASE.jar:/Users/manivannan2000/Soft/MavenLocalRepo/org/springframework/spring-core/3.0.4.RELEASE/spring-core-3.0.4.RELEASE.jar:/Users/manivannan2000/Soft/MavenLocalRepo/org/springframework/spring-web/3.0.4.RELEASE/spring-web-3.0.4.RELEASE.jar:/Users/manivannan2000/Soft/MavenLocalRepo/aopalliance/aopalliance/1.0/aopalliance-1.0.jar:/Users/manivannan2000/Soft/MavenLocalRepo/org/springframework/spring-webmvc/3.0.4.RELEASE/spring-webmvc-3.0.4.RELEASE.jar:/Users/manivannan2000/Soft/MavenLocalRepo/org/springframework/spring-context-support/3.0.4.RELEASE/spring-context-support-3.0.4.RELEASE.jar:/Users/manivannan2000/Soft/MavenLocalRepo/org/springframework/security/org.springframework.security.web/3.0.0.RELEASE/org.springframework.security.web-3.0.0.RELEASE.jar:/Users/manivannan2000/Soft/MavenLocalRepo/org/springframework/security/org.springframework.security.core/3.0.0.RELEASE/org.springframework.security.core-3.0.0.RELEASE.jar:/Users/manivannan2000/Soft/MavenLocalRepo/org/springframework/security/org.springframework.security.config/3.0.0.RELEASE/org.springframework.security.config-3.0.0.RELEASE.jar:/Users/manivannan2000/Soft/MavenLocalRepo/org/springframework/security/org.springframework.security.taglibs/3.0.0.RELEASE/org.springframework.security.taglibs-3.0.0.RELEASE.jar:/Users/manivannan2000/Soft/MavenLocalRepo/org/springframework/webflow/org.springframework.js/2.0.8.RELEASE/org.springframework.js-2.0.8.RELEASE.jar:/Users/manivannan2000/Soft/MavenLocalRepo/org/apache/commons/com.springsource.org.apache.commons.fileupload/1.2.0/com.springsource.org.apache.commons.fileupload-1.2.0.jar:/Users/manivannan2000/Soft/MavenLocalRepo/org/apache/commons/com.springsource.org.apache.commons.io/1.4.0/com.springsource.org.apache.commons.io-1.4.0.jar:/Users/manivannan2000/Soft/MavenLocalRepo/org/tuckey/com.springsource.org.tuckey.web.filters.urlrewrite/3.1.0/com.springsource.org.tuckey.web.filters.urlrewrite-3.1.0.jar:/Users/manivannan2000/Soft/MavenLocalRepo/javax/servlet/com.springsource.javax.servlet.jsp.jstl/1.2.0/com.springsource.javax.servlet.jsp.jstl-1.2.0.jar:/Users/manivannan2000/Soft/MavenLocalRepo/org/apache/taglibs/com.springsource.org.apache.taglibs.standard/1.1.2/com.springsource.org.apache.taglibs.standard-1.1.2.jar:/Users/manivannan2000/Soft/MavenLocalRepo/org/apache/el/com.springsource.org.apache.el/6.0.20/com.springsource.org.apache.el-6.0.20.jar:/Users/manivannan2000/Soft/MavenLocalRepo/org/joda/com.springsource.org.joda.time/1.6.0/com.springsource.org.joda.time-1.6.0.jar:/Users/manivannan2000/Soft/MavenLocalRepo/org/apache/tiles/com.springsource.org.apache.tiles/2.1.3/com.springsource.org.apache.tiles-2.1.3.jar:/Users/manivannan2000/Soft/MavenLocalRepo/org/apache/tiles/com.springsource.org.apache.tiles.jsp/2.1.3/com.springsource.org.apache.tiles.jsp-2.1.3.jar:/Users/manivannan2000/Soft/MavenLocalRepo/org/apache/tiles/com.springsource.org.apache.tiles.servlet/2.1.3/com.springsource.org.apache.tiles.servlet-2.1.3.jar:/Users/manivannan2000/Soft/MavenLocalRepo/org/apache/tiles/com.springsource.org.apache.tiles.core/2.1.3/com.springsource.org.apache.tiles.core-2.1.3.jar:/Users/manivannan2000/Soft/MavenLocalRepo/org/apache/commons/com.springsource.org.apache.commons.digester/1.8.1/com.springsource.org.apache.commons.digester-1.8.1.jar:/Users/manivannan2000/Soft/MavenLocalRepo/org/apache/commons/com.springsource.org.apache.commons.beanutils/1.8.0/com.springsource.org.apache.commons.beanutils-1.8.0.jar:/Users/manivannan2000/Soft/MavenLocalRepo/javax/portlet/portlet-api/2.0/portlet-api-2.0.jar:/Users/manivannan2000/Soft/MavenLocalRepo/org/springframework/org.springframework.oxm/3.0.4.RELEASE/org.springframework.oxm-3.0.4.RELEASE.jar:/Users/manivannan2000/Soft/MavenLocalRepo/com/thoughtworks/xstream/xstream/1.3.1/xstream-1.3.1.jar:/Users/manivannan2000/Soft/MavenLocalRepo/xpp3/xpp3_min/1.1.4c/xpp3_min-1.1.4c.jar:/Users/manivannan2000/Soft/MavenLocalRepo/org/codehaus/jackson/jackson-mapper-asl/1.5.3/jackson-mapper-asl-1.5.3.jar:/Users/manivannan2000/Soft/MavenLocalRepo/org/codehaus/jackson/jackson-core-asl/1.5.3/jackson-core-asl-1.5.3.jar:/Users/manivannan2000/Soft/MavenLocalRepo/org/apache/commons/com.springsource.org.apache.commons.httpclient/3.1.0/com.springsource.org.apache.commons.httpclient-3.1.0.jar:/Users/manivannan2000/Soft/MavenLocalRepo/org/apache/commons/com.springsource.org.apache.commons.codec/1.3.0/com.springsource.org.apache.commons.codec-1.3.0.jar:/Users/manivannan2000/Soft/MavenLocalRepo/com/liferay/portal-service/6.0.0/portal-service-6.0.0.jar:/Users/manivannan2000/Soft/MavenLocalRepo/com/lowagie/itext/2.0.7/itext-2.0.7.jar:/Users/manivannan2000/Soft/MavenLocalRepo/bouncycastle/bcmail-jdk14/138/bcmail-jdk14-138.jar:/Users/manivannan2000/Soft/MavenLocalRepo/bouncycastle/bcprov-jdk14/138/bcprov-jdk14-138.jar:/Users/manivannan2000/Soft/MavenLocalRepo/org/apache/poi/poi-scratchpad/3.2-FINAL/poi-scratchpad-3.2-FINAL.jar:/Users/manivannan2000/Soft/MavenLocalRepo/org/apache/poi/poi/3.2-FINAL/poi-3.2-FINAL.jar:/Users/manivannan2000/Soft/MavenLocalRepo/commons-logging/commons-logging/1.1/commons-logging-1.1.jar:/Users/manivannan2000/Soft/MavenLocalRepo/log4j/log4j/1.2.13/log4j-1.2.13.jar:/Users/manivannan2000/Soft/MavenLocalRepo/alfresco/alfresco-web-service-client/3.3/alfresco-web-service-client-3.3.jar:/Users/manivannan2000/Soft/MavenLocalRepo/org/apache/axis/axis/1.4/axis-1.4.jar:/Users/manivannan2000/Soft/MavenLocalRepo/com/sun/xml/rpc/jaxrpc-impl/1.1.3_01/jaxrpc-impl-1.1.3_01.jar:/Users/manivannan2000/Soft/MavenLocalRepo/javax/xml/jaxrpc-api/1.1/jaxrpc-api-1.1.jar:/Users/manivannan2000/Soft/MavenLocalRepo/com/sun/xml/messaging/saaj/saaj-impl/1.3/saaj-impl-1.3.jar:/Users/manivannan2000/Soft/MavenLocalRepo/javax/xml/soap/saaj-api/1.3/saaj-api-1.3.jar:/Users/manivannan2000/Soft/MavenLocalRepo/javax/activation/activation/1.0.2/activation-1.0.2.jar:/Users/manivannan2000/Soft/MavenLocalRepo/com/sun/xml/rpc/jaxrpc-spi/1.1.3_01/jaxrpc-spi-1.1.3_01.jar:/Users/manivannan2000/Soft/MavenLocalRepo/com/sun/xml/fastinfoset/FastInfoset/1.0.2/FastInfoset-1.0.2.jar:/Users/manivannan2000/Soft/MavenLocalRepo/xfire/wsdl4j/1.5.2/wsdl4j-1.5.2.jar:/Users/manivannan2000/Soft/MavenLocalRepo/commons-discovery/commons-discovery/0.2/commons-discovery-0.2.jar:/Users/manivannan2000/Soft/MavenLocalRepo/org/apache/ws/security/wss4j/1.5.6/wss4j-1.5.6.jar:/Users/manivannan2000/Soft/MavenLocalRepo/org/apache/santuario/xmlsec/1.4.2/xmlsec-1.4.2.jar:/Users/manivannan2000/Soft/MavenLocalRepo/xalan/xalan/2.7.1/xalan-2.7.1.jar:/Users/manivannan2000/Soft/MavenLocalRepo/xalan/serializer/2.7.1/serializer-2.7.1.jar:/Users/manivannan2000/Soft/MavenLocalRepo/xml-apis/xml-apis/1.3.04/xml-apis-1.3.04.jar:/Users/manivannan2000/Soft/MavenLocalRepo/oracle/ojdbc14/10.2.0.2/ojdbc14-10.2.0.2.jar:"/>
    <property name="java.vm.specification.version" value="1.0"/>
    <property name="sun.arch.data.model" value="64"/>
    <property name="java.home" value="/System/Library/Java/JavaVirtualMachines/1.6.0.jdk/Contents/Home"/>
    <property name="sun.java.command" value="/var/folders/zP/zPIeoxjnGQWvSkLx1UpmWk+++TI/-Tmp-/surefirebooter6292728577223903723.jar /var/folders/zP/zPIeoxjnGQWvSkLx1UpmWk+++TI/-Tmp-/surefire4972185572064555619tmp /var/folders/zP/zPIeoxjnGQWvSkLx1UpmWk+++TI/-Tmp-/surefire1287123267151017410tmp"/>
    <property name="java.specification.vendor" value="Sun Microsystems Inc."/>
    <property name="user.language" value="en"/>
    <property name="awt.toolkit" value="apple.awt.CToolkit"/>
    <property name="java.vm.info" value="mixed mode"/>
    <property name="java.version" value="1.6.0_31"/>
    <property name="java.ext.dirs" value="/Library/Java/Extensions:/System/Library/Java/Extensions:/System/Library/Java/JavaVirtualMachines/1.6.0.jdk/Contents/Home/lib/ext"/>
    <property name="sun.boot.class.path" value="/System/Library/Java/JavaVirtualMachines/1.6.0.jdk/Contents/Classes/jsfd.jar:/System/Library/Java/JavaVirtualMachines/1.6.0.jdk/Contents/Classes/classes.jar:/System/Library/Frameworks/JavaVM.framework/Frameworks/JavaRuntimeSupport.framework/Resources/Java/JavaRuntimeSupport.jar:/System/Library/Java/JavaVirtualMachines/1.6.0.jdk/Contents/Classes/ui.jar:/System/Library/Java/JavaVirtualMachines/1.6.0.jdk/Contents/Classes/laf.jar:/System/Library/Java/JavaVirtualMachines/1.6.0.jdk/Contents/Classes/sunrsasign.jar:/System/Library/Java/JavaVirtualMachines/1.6.0.jdk/Contents/Classes/jsse.jar:/System/Library/Java/JavaVirtualMachines/1.6.0.jdk/Contents/Classes/jce.jar:/System/Library/Java/JavaVirtualMachines/1.6.0.jdk/Contents/Classes/charsets.jar"/>
    <property name="java.vendor" value="Apple Inc."/>
    <property name="localRepository" value="/Users/manivannan2000/Soft/MavenLocalRepo"/>
    <property name="file.separator" value="/"/>
    <property name="java.vendor.url.bug" value="http://bugreport.apple.com/"/>
    <property name="sun.cpu.endian" value="little"/>
    <property name="sun.io.unicode.encoding" value="UnicodeLittle"/>
    <property name="mrj.version" value="1060.1.6.0_31-415"/>
    <property name="socksNonProxyHosts" value="local|*.local|169.254/16|*.169.254/16"/>
    <property name="ftp.nonProxyHosts" value="local|*.local|169.254/16|*.169.254/16"/>
    <property name="sun.cpu.isalist" value=""/>
  </properties>
  <testcase time="0.002" classname="com.storepoints.AppTest" name="testApp"/>
</testsuite>